This is pdfTeX, Version 3.14159265-2.6-1.40.20 (TeX Live 2019/Debian) (preloaded format=pdflatex 2020.12.1)  15 DEC 2020 15:04
entering extended mode
 restricted \write18 enabled.
 %&-line parsing enabled.
**report.tex
(./report.tex
LaTeX2e <2020-02-02> patch level 2
L3 programming layer <2020-02-14>
(/usr/share/texlive/texmf-dist/tex/latex/base/article.cls
Document Class: article 2019/12/20 v1.4l Standard LaTeX document class
(/usr/share/texlive/texmf-dist/tex/latex/base/size10.clo
File: size10.clo 2019/12/20 v1.4l Standard LaTeX file (size option)
)
\c@part=\count167
\c@section=\count168
\c@subsection=\count169
\c@subsubsection=\count170
\c@paragraph=\count171
\c@subparagraph=\count172
\c@figure=\count173
\c@table=\count174
\abovecaptionskip=\skip47
\belowcaptionskip=\skip48
\bibindent=\dimen134
)
(/usr/share/texlive/texmf-dist/tex/latex/natbib/natbib.sty
Package: natbib 2010/09/13 8.31b (PWD, AO)
\bibhang=\skip49
\bibsep=\skip50
LaTeX Info: Redefining \cite on input line 694.
\c@NAT@ctr=\count175
)
(/usr/share/texlive/texmf-dist/tex/latex/listings/listings.sty
(/usr/share/texlive/texmf-dist/tex/latex/graphics/keyval.sty
Package: keyval 2014/10/28 v1.15 key=value parser (DPC)
\KV@toks@=\toks14
)
\lst@mode=\count176
\lst@gtempboxa=\box45
\lst@token=\toks15
\lst@length=\count177
\lst@currlwidth=\dimen135
\lst@column=\count178
\lst@pos=\count179
\lst@lostspace=\dimen136
\lst@width=\dimen137
\lst@newlines=\count180
\lst@lineno=\count181
\lst@maxwidth=\dimen138

(/usr/share/texlive/texmf-dist/tex/latex/listings/lstmisc.sty
File: lstmisc.sty 2019/09/10 1.8c (Carsten Heinz)
\c@lstnumber=\count182
\lst@skipnumbers=\count183
\lst@framebox=\box46
)
(/usr/share/texlive/texmf-dist/tex/latex/listings/listings.cfg
File: listings.cfg 2019/09/10 1.8c listings configuration
))
Package: listings 2019/09/10 1.8c (Carsten Heinz)

(/usr/share/texlive/texmf-dist/tex/latex/tools/array.sty
Package: array 2019/08/31 v2.4l Tabular extension package (FMi)
\col@sep=\dimen139
\ar@mcellbox=\box47
\extrarowheight=\dimen140
\NC@list=\toks16
\extratabsurround=\skip51
\backup@length=\skip52
\ar@cellbox=\box48
)
(/usr/share/texlive/texmf-dist/tex/latex/graphics/graphicx.sty
Package: graphicx 2019/11/30 v1.2a Enhanced LaTeX Graphics (DPC,SPQR)

(/usr/share/texlive/texmf-dist/tex/latex/graphics/graphics.sty
Package: graphics 2019/11/30 v1.4a Standard LaTeX Graphics (DPC,SPQR)

(/usr/share/texlive/texmf-dist/tex/latex/graphics/trig.sty
Package: trig 2016/01/03 v1.10 sin cos tan (DPC)
)
(/usr/share/texlive/texmf-dist/tex/latex/graphics-cfg/graphics.cfg
File: graphics.cfg 2016/06/04 v1.11 sample graphics configuration
)
Package graphics Info: Driver file: pdftex.def on input line 105.

(/usr/share/texlive/texmf-dist/tex/latex/graphics-def/pdftex.def
File: pdftex.def 2018/01/08 v1.0l Graphics/color driver for pdftex
))
\Gin@req@height=\dimen141
\Gin@req@width=\dimen142
)
(/usr/share/texlive/texmf-dist/tex/latex/caption/caption.sty
Package: caption 2020/01/03 v3.4h Customizing captions (AR)

(/usr/share/texlive/texmf-dist/tex/latex/caption/caption3.sty
Package: caption3 2020/01/03 v1.8h caption3 kernel (AR)
Package caption3 Info: TeX engine: e-TeX on input line 61.
\captionmargin=\dimen143
\captionmargin@=\dimen144
\captionwidth=\dimen145
\caption@tempdima=\dimen146
\caption@indent=\dimen147
\caption@parindent=\dimen148
\caption@hangindent=\dimen149
Package caption Info: Standard document class detected.
)
\c@caption@flags=\count184
\c@continuedfloat=\count185
Package caption Info: listings package is loaded.
)
(/usr/share/texlive/texmf-dist/tex/latex/l3backend/l3backend-pdfmode.def
File: l3backend-pdfmode.def 2020-02-03 L3 backend support: PDF mode
\l__kernel_color_stack_int=\count186
\l__pdf_internal_box=\box49
)
(./report.aux)
\openout1 = `report.aux'.

LaTeX Font Info:    Checking defaults for OML/cmm/m/it on input line 18.
LaTeX Font Info:    ... okay on input line 18.
LaTeX Font Info:    Checking defaults for OMS/cmsy/m/n on input line 18.
LaTeX Font Info:    ... okay on input line 18.
LaTeX Font Info:    Checking defaults for OT1/cmr/m/n on input line 18.
LaTeX Font Info:    ... okay on input line 18.
LaTeX Font Info:    Checking defaults for T1/cmr/m/n on input line 18.
LaTeX Font Info:    ... okay on input line 18.
LaTeX Font Info:    Checking defaults for TS1/cmr/m/n on input line 18.
LaTeX Font Info:    ... okay on input line 18.
LaTeX Font Info:    Checking defaults for OMX/cmex/m/n on input line 18.
LaTeX Font Info:    ... okay on input line 18.
LaTeX Font Info:    Checking defaults for U/cmr/m/n on input line 18.
LaTeX Font Info:    ... okay on input line 18.
\c@lstlisting=\count187

(/usr/share/texlive/texmf-dist/tex/context/base/mkii/supp-pdf.mkii
[Loading MPS to PDF converter (version 2006.09.02).]
\scratchcounter=\count188
\scratchdimen=\dimen150
\scratchbox=\box50
\nofMPsegments=\count189
\nofMParguments=\count190
\everyMPshowfont=\toks17
\MPscratchCnt=\count191
\MPscratchDim=\dimen151
\MPnumerator=\count192
\makeMPintoPDFobject=\count193
\everyMPtoPDFconversion=\toks18
) (/usr/share/texlive/texmf-dist/tex/latex/epstopdf-pkg/epstopdf-base.sty
Package: epstopdf-base 2020-01-24 v2.11 Base part for package epstopdf
Package epstopdf-base Info: Redefining graphics rule for `.eps' on input line 4
85.

(/usr/share/texlive/texmf-dist/tex/latex/latexconfig/epstopdf-sys.cfg
File: epstopdf-sys.cfg 2010/07/13 v1.3 Configuration of (r)epstopdf for TeX Liv
e
))
Package caption Info: Begin \AtBeginDocument code.
Package caption Info: End \AtBeginDocument code.
LaTeX Font Info:    External font `cmex10' loaded for size
(Font)              <12> on input line 21.
LaTeX Font Info:    External font `cmex10' loaded for size
(Font)              <8> on input line 21.
LaTeX Font Info:    External font `cmex10' loaded for size
(Font)              <6> on input line 21.

[1

{/var/lib/texmf/fonts/map/pdftex/updmap/pdftex.map}] (./report.toc
LaTeX Font Info:    External font `cmex10' loaded for size
(Font)              <7> on input line 3.
LaTeX Font Info:    External font `cmex10' loaded for size
(Font)              <5> on input line 3.
)
\tf@toc=\write3
\openout3 = `report.toc'.

 [2]
Underfull \hbox (badness 10000) in paragraph at lines 29--30

 []


Underfull \hbox (badness 10000) in paragraph at lines 31--32

 []


Underfull \hbox (badness 10000) in paragraph at lines 40--41

 []


Underfull \hbox (badness 10000) in paragraph at lines 53--54

 []

[1]
<./images/godrays_example.jpg, id=20, 467.127pt x 262.8pt>
File: ./images/godrays_example.jpg Graphic file (type jpg)
<use ./images/godrays_example.jpg>
Package pdftex.def Info: ./images/godrays_example.jpg  used on input line 61.
(pdftex.def)             Requested size: 326.98665pt x 183.95874pt.
 [2 <./images/godrays_example.jpg>] [3]
Overfull \hbox (10.74873pt too wide) in paragraph at lines 151--168
 [] 
 []

[4]
Underfull \hbox (badness 10000) in paragraph at lines 180--181

 []


Underfull \hbox (badness 10000) in paragraph at lines 182--183

 []


Underfull \hbox (badness 10000) in paragraph at lines 191--192

 []

[5]
Underfull \hbox (badness 10000) in paragraph at lines 196--197

 []


Underfull \hbox (badness 10000) in paragraph at lines 202--203

 []


Underfull \hbox (badness 10000) in paragraph at lines 204--205

 []


Underfull \hbox (badness 10000) in paragraph at lines 206--207

 []

[6]
Underfull \hbox (badness 10000) in paragraph at lines 214--215

 []


Underfull \hbox (badness 10000) in paragraph at lines 216--217

 []

<./images/treegrowth1.png, id=45, 242.9075pt x 731.73375pt>
File: ./images/treegrowth1.png Graphic file (type png)
<use ./images/treegrowth1.png>
Package pdftex.def Info: ./images/treegrowth1.png  used on input line 220.
(pdftex.def)             Requested size: 56.67184pt x 170.71652pt.
<./images/treegrowth2.png, id=47, 475.7775pt x 728.7225pt>
File: ./images/treegrowth2.png Graphic file (type png)
<use ./images/treegrowth2.png>
Package pdftex.def Info: ./images/treegrowth2.png  used on input line 221.
(pdftex.def)             Requested size: 111.45924pt x 170.71652pt.
<./images/treegrowth3.png, id=48, 723.70375pt x 727.71875pt>
File: ./images/treegrowth3.png Graphic file (type png)
<use ./images/treegrowth3.png>
Package pdftex.def Info: ./images/treegrowth3.png  used on input line 222.
(pdftex.def)             Requested size: 169.77225pt x 170.71652pt.

Underfull \hbox (badness 10000) in paragraph at lines 228--229

 []

<./images/pine.png, id=49, 458.71375pt x 683.55376pt>
File: ./images/pine.png Graphic file (type png)
<use ./images/pine.png>
Package pdftex.def Info: ./images/pine.png  used on input line 232.
(pdftex.def)             Requested size: 114.55916pt x 170.71652pt.
<./images/bush.png, id=50, 662.475pt x 677.53125pt>
File: ./images/bush.png Graphic file (type png)
<use ./images/bush.png>
Package pdftex.def Info: ./images/bush.png  used on input line 233.
(pdftex.def)             Requested size: 166.92235pt x 170.71652pt.

LaTeX Warning: `!h' float specifier changed to `!ht'.


Underfull \hbox (badness 10000) in paragraph at lines 239--240

 []

[7 <./images/treegrowth1.png> <./images/treegrowth2.png> <./images/treegrowth3.
png>]
<./images/benttree.png, id=57, 727.71875pt x 729.72626pt>
File: ./images/benttree.png Graphic file (type png)
<use ./images/benttree.png>
Package pdftex.def Info: ./images/benttree.png  used on input line 243.
(pdftex.def)             Requested size: 170.24774pt x 170.71652pt.
<./images/forrest.png, id=58, 728.7225pt x 725.71124pt>
File: ./images/forrest.png Graphic file (type png)
<use ./images/forrest.png>
Package pdftex.def Info: ./images/forrest.png  used on input line 244.
(pdftex.def)             Requested size: 171.4166pt x 170.71652pt.
<./images/godrays.png, id=59, 806.01125pt x 623.32875pt>
File: ./images/godrays.png Graphic file (type png)
<use ./images/godrays.png>
Package pdftex.def Info: ./images/godrays.png  used on input line 253.
(pdftex.def)             Requested size: 367.91637pt x 284.52756pt.

Overfull \hbox (22.91637pt too wide) in paragraph at lines 253--254
 [][] 
 []

LaTeX Font Info:    External font `cmex10' loaded for size
(Font)              <9> on input line 254.

LaTeX Warning: `!h' float specifier changed to `!ht'.


Overfull \hbox (2.02368pt too wide) in paragraph at lines 263--263
 []|\OT1/cmr/m/n/10 BM| 
 []


Overfull \hbox (9.17708pt too wide) in paragraph at lines 263--263
 []|$\OML/cmm/m/it/10 N[]$| 
 []


Overfull \hbox (3.55147pt too wide) in paragraph at lines 265--265
 []|\OT1/cmr/m/n/10 0.52| 
 []


Overfull \hbox (3.55147pt too wide) in paragraph at lines 265--265
 []|\OT1/cmr/m/n/10 0.03| 
 []


Overfull \hbox (3.55147pt too wide) in paragraph at lines 266--266
 []|\OT1/cmr/m/n/10 0.03| 
 []


Overfull \hbox (3.55147pt too wide) in paragraph at lines 267--267
 []|\OT1/cmr/m/n/10 0.46| 
 []


Overfull \hbox (3.55147pt too wide) in paragraph at lines 267--267
 []|\OT1/cmr/m/n/10 0.02| 
 []


LaTeX Warning: `!h' float specifier changed to `!ht'.


Underfull \hbox (badness 10000) in paragraph at lines 276--277

 []

[8 <./images/pine.png> <./images/bush.png> <./images/benttree.png> <./images/fo
rrest.png>]
Underfull \hbox (badness 10000) in paragraph at lines 278--279

 []

[9 <./images/godrays.png>]
Underfull \hbox (badness 10000) in paragraph at lines 280--281

 []


Underfull \hbox (badness 10000) in paragraph at lines 282--283

 []


Underfull \hbox (badness 10000) in paragraph at lines 284--285

 []


Underfull \hbox (badness 10000) in paragraph at lines 286--287

 []


Underfull \hbox (badness 10000) in paragraph at lines 288--289

 []


Underfull \hbox (badness 10000) in paragraph at lines 290--291

 []


Underfull \hbox (badness 10000) in paragraph at lines 294--295

 []

[10]
Underfull \hbox (badness 10000) in paragraph at lines 296--297

 []


Underfull \hbox (badness 10000) in paragraph at lines 298--299

 []


Underfull \hbox (badness 10000) in paragraph at lines 300--301

 []

[11] (./report.bbl
Underfull \hbox (badness 1509) in paragraph at lines 27--31
\OT1/cmr/m/n/10 2007.  https://developer.nvidia.com/gpugems/gpugems3/part-ii-li
ght-and-
 []

) [12]
Overfull \hbox (27.30824pt too wide) in paragraph at lines 343--344
[][][][][][][][][][][][][][][][][][][] 
 []


Overfull \hbox (12.0079pt too wide) in paragraph at lines 348--349
[][][][][][][][][][][][][][][][][][][][][][][][][][][] 
 []


Overfull \hbox (114.01016pt too wide) in paragraph at lines 355--356
[][][][][][][][][][][][][][][][][][][][][][][][][][][][][][][][][][] 
 []

[13] (./report.aux) ) 
Here is how much of TeX's memory you used:
 4391 strings out of 483183
 64917 string characters out of 5966292
 315341 words of memory out of 5000000
 19403 multiletter control sequences out of 15000+600000
 538867 words of font info for 46 fonts, out of 8000000 for 9000
 14 hyphenation exceptions out of 8191
 41i,11n,42p,717b,1054s stack positions out of 5000i,500n,10000p,200000b,80000s
 </home/eric/.texlive2019/texmf-var/fonts/pk/ljfour/jknapp
en/ec/tcrm1000.600pk></usr/share/texlive/texmf-dist/fonts/type1/public/amsfonts
/cm/cmbx10.pfb></usr/share/texlive/texmf-dist/fonts/type1/public/amsfonts/cm/cm
bx12.pfb></usr/share/texlive/texmf-dist/fonts/type1/public/amsfonts/cm/cmex10.p
fb></usr/share/texlive/texmf-dist/fonts/type1/public/amsfonts/cm/cmmi10.pfb></u
sr/share/texlive/texmf-dist/fonts/type1/public/amsfonts/cm/cmmi5.pfb></usr/shar
e/texlive/texmf-dist/fonts/type1/public/amsfonts/cm/cmmi7.pfb></usr/share/texli
ve/texmf-dist/fonts/type1/public/amsfonts/cm/cmmi9.pfb></usr/share/texlive/texm
f-dist/fonts/type1/public/amsfonts/cm/cmr10.pfb></usr/share/texlive/texmf-dist/
fonts/type1/public/amsfonts/cm/cmr12.pfb></usr/share/texlive/texmf-dist/fonts/t
ype1/public/amsfonts/cm/cmr17.pfb></usr/share/texlive/texmf-dist/fonts/type1/pu
blic/amsfonts/cm/cmr5.pfb></usr/share/texlive/texmf-dist/fonts/type1/public/ams
fonts/cm/cmr7.pfb></usr/share/texlive/texmf-dist/fonts/type1/public/amsfonts/cm
/cmr9.pfb></usr/share/texlive/texmf-dist/fonts/type1/public/amsfonts/cm/cmsy10.
pfb></usr/share/texlive/texmf-dist/fonts/type1/public/amsfonts/cm/cmsy7.pfb></u
sr/share/texlive/texmf-dist/fonts/type1/public/amsfonts/cm/cmti10.pfb></usr/sha
re/texlive/texmf-dist/fonts/type1/public/amsfonts/cm/cmti9.pfb></usr/share/texl
ive/texmf-dist/fonts/type1/public/amsfonts/cm/cmtt8.pfb>
Output written on report.pdf (15 pages, 9336083 bytes).
PDF statistics:
 148 PDF objects out of 1000 (max. 8388607)
 94 compressed objects within 1 object stream
 0 named destinations out of 1000 (max. 500000)
 46 words of extra memory for PDF output out of 10000 (max. 10000000)

